<?xml version="1.0" encoding="UTF-8"?>
<!-- Generated by org.testng.reporters.JUnitXMLReporter -->
<testsuite ignored="1" hostname="Keshri" failures="1" tests="1" name="Test" time="25.798" errors="0" timestamp="2024-01-20T12:44:01 IST">
  <testcase classname="satteliteInfo.ContactTests.TC_01Test" name="TC_01" time="12.717">
    <failure type="java.lang.AssertionError" message="null">
      <![CDATA[java.lang.AssertionError: null
at satteliteInfo.ContactTests.TC_01Test.TC_01(TC_01Test.java:33)
at java.base/java.util.ArrayList.forEach(ArrayList.java:1511)
... Removed 29 stack frames]]>
    </failure>
  </testcase> <!-- TC_01 -->
  <testcase classname="satteliteInfo.ContactTests.TC_01Test" name="demoTest" time="0.0">
    <ignored/>
  </testcase> <!-- demoTest -->
</testsuite> <!-- Test -->
