<?xml version="1.0" encoding="UTF-8"?>
<!-- Generated by org.testng.reporters.JUnitXMLReporter -->
<testsuite ignored="1" hostname="Keshri" failures="0" tests="1" name="Test(failed)" time="55.39" errors="0" timestamp="2024-01-20T14:27:11 IST">
  <testcase classname="satteliteInfo.ContactTests.TC_01Test" name="TC_01" time="19.701"/>
  <testcase classname="satteliteInfo.ContactTests.TC_01Test" name="demoTest" time="0.0">
    <ignored/>
  </testcase> <!-- demoTest -->
</testsuite> <!-- Test(failed) -->
