<?xml version="1.0" encoding="UTF-8"?>
<testng-results ignored="0" total="2" passed="1" failed="1" skipped="0">
  <reporter-output>
    <line>
      <![CDATA[Naviated to contacts link]]>
    </line>
    <line>
      <![CDATA[Naviated to create new link]]>
    </line>
    <line>
      <![CDATA[Naviated to last name]]>
    </line>
  </reporter-output>
  <suite started-at="2024-01-20T14:33:08 IST" name="Default suite" finished-at="2024-01-20T14:33:45 IST" duration-ms="37048">
    <groups>
      <group name="SmokeSuite">
        <method signature="TC_01Test.TC_01()[pri:0, instance:satteliteInfo.ContactTests.TC_01Test@5b03b9fe]" name="TC_01" class="satteliteInfo.ContactTests.TC_01Test"/>
      </group> <!-- SmokeSuite -->
    </groups>
    <test started-at="2024-01-20T14:33:08 IST" name="Default test" finished-at="2024-01-20T14:33:45 IST" duration-ms="37048">
      <class name="satteliteInfo.ContactTests.TC_01Test">
        <test-method is-config="true" signature="bsConfig()[pri:0, instance:satteliteInfo.ContactTests.TC_01Test@5b03b9fe]" started-at="2024-01-20T14:33:08 IST" name="bsConfig" finished-at="2024-01-20T14:33:08 IST" duration-ms="20" status="PASS">
          <reporter-output>
          </reporter-output>
        </test-method> <!-- bsConfig -->
        <test-method is-config="true" signature="bcConfig()[pri:0, instance:satteliteInfo.ContactTests.TC_01Test@5b03b9fe]" started-at="2024-01-20T14:33:09 IST" name="bcConfig" finished-at="2024-01-20T14:33:18 IST" duration-ms="8500" status="PASS">
          <reporter-output>
          </reporter-output>
        </test-method> <!-- bcConfig -->
        <test-method is-config="true" signature="bmConfig()[pri:0, instance:satteliteInfo.ContactTests.TC_01Test@5b03b9fe]" started-at="2024-01-20T14:33:18 IST" name="bmConfig" finished-at="2024-01-20T14:33:22 IST" duration-ms="4017" status="PASS">
          <reporter-output>
          </reporter-output>
        </test-method> <!-- bmConfig -->
        <test-method signature="TC_01()[pri:0, instance:satteliteInfo.ContactTests.TC_01Test@5b03b9fe]" started-at="2024-01-20T14:33:22 IST" name="TC_01" finished-at="2024-01-20T14:33:35 IST" duration-ms="12854" status="FAIL">
          <exception class="java.lang.AssertionError">
            <message>
              <![CDATA[null]]>
            </message>
            <full-stacktrace>
              <![CDATA[java.lang.AssertionError: null
at org.testng.Assert.fail(Assert.java:99)
at org.testng.Assert.fail(Assert.java:106)
at satteliteInfo.ContactTests.TC_01Test.TC_01(TC_01Test.java:36)
at java.base/jdk.internal.reflect.NativeMethodAccessorImpl.invoke0(Native Method)
at java.base/jdk.internal.reflect.NativeMethodAccessorImpl.invoke(NativeMethodAccessorImpl.java:77)
at java.base/jdk.internal.reflect.DelegatingMethodAccessorImpl.invoke(DelegatingMethodAccessorImpl.java:43)
at java.base/java.lang.reflect.Method.invoke(Method.java:568)
at org.testng.internal.MethodInvocationHelper.invokeMethod(MethodInvocationHelper.java:133)
at org.testng.internal.TestInvoker.invokeMethod(TestInvoker.java:598)
at org.testng.internal.TestInvoker.invokeTestMethod(TestInvoker.java:173)
at org.testng.internal.MethodRunner.runInSequence(MethodRunner.java:46)
at org.testng.internal.TestInvoker$MethodInvocationAgent.invoke(TestInvoker.java:824)
at org.testng.internal.TestInvoker.invokeTestMethods(TestInvoker.java:146)
at org.testng.internal.TestMethodWorker.invokeTestMethods(TestMethodWorker.java:146)
at org.testng.internal.TestMethodWorker.run(TestMethodWorker.java:128)
at java.base/java.util.ArrayList.forEach(ArrayList.java:1511)
at org.testng.TestRunner.privateRun(TestRunner.java:794)
at org.testng.TestRunner.run(TestRunner.java:596)
at org.testng.SuiteRunner.runTest(SuiteRunner.java:377)
at org.testng.SuiteRunner.runSequentially(SuiteRunner.java:371)
at org.testng.SuiteRunner.privateRun(SuiteRunner.java:332)
at org.testng.SuiteRunner.run(SuiteRunner.java:276)
at org.testng.SuiteRunnerWorker.runSuite(SuiteRunnerWorker.java:53)
at org.testng.SuiteRunnerWorker.run(SuiteRunnerWorker.java:96)
at org.testng.TestNG.runSuitesSequentially(TestNG.java:1212)
at org.testng.TestNG.runSuitesLocally(TestNG.java:1134)
at org.testng.TestNG.runSuites(TestNG.java:1063)
at org.testng.TestNG.run(TestNG.java:1031)
at org.testng.remote.AbstractRemoteTestNG.run(AbstractRemoteTestNG.java:115)
at org.testng.remote.RemoteTestNG.initAndRun(RemoteTestNG.java:251)
at org.testng.remote.RemoteTestNG.main(RemoteTestNG.java:77)
]]>
            </full-stacktrace>
          </exception> <!-- java.lang.AssertionError -->
          <reporter-output>
            <line>
              <![CDATA[Naviated to contacts link]]>
            </line>
            <line>
              <![CDATA[Naviated to create new link]]>
            </line>
            <line>
              <![CDATA[Naviated to last name]]>
            </line>
          </reporter-output>
        </test-method> <!-- TC_01 -->
        <test-method is-config="true" signature="amConfig()[pri:0, instance:satteliteInfo.ContactTests.TC_01Test@5b03b9fe]" started-at="2024-01-20T14:33:35 IST" name="amConfig" finished-at="2024-01-20T14:33:37 IST" duration-ms="1876" status="PASS">
          <reporter-output>
          </reporter-output>
        </test-method> <!-- amConfig -->
        <test-method is-config="true" signature="bmConfig()[pri:0, instance:satteliteInfo.ContactTests.TC_01Test@5b03b9fe]" started-at="2024-01-20T14:33:37 IST" name="bmConfig" finished-at="2024-01-20T14:33:40 IST" duration-ms="2707" status="PASS">
          <reporter-output>
          </reporter-output>
        </test-method> <!-- bmConfig -->
        <test-method signature="demoTest()[pri:0, instance:satteliteInfo.ContactTests.TC_01Test@5b03b9fe]" started-at="2024-01-20T14:33:40 IST" name="demoTest" finished-at="2024-01-20T14:33:40 IST" duration-ms="2" status="PASS">
          <reporter-output>
          </reporter-output>
        </test-method> <!-- demoTest -->
        <test-method is-config="true" signature="amConfig()[pri:0, instance:satteliteInfo.ContactTests.TC_01Test@5b03b9fe]" started-at="2024-01-20T14:33:40 IST" name="amConfig" finished-at="2024-01-20T14:33:45 IST" duration-ms="5340" status="PASS">
          <reporter-output>
          </reporter-output>
        </test-method> <!-- amConfig -->
        <test-method is-config="true" signature="acConfig()[pri:0, instance:satteliteInfo.ContactTests.TC_01Test@5b03b9fe]" started-at="2024-01-20T14:33:45 IST" name="acConfig" finished-at="2024-01-20T14:33:45 IST" duration-ms="432" status="PASS">
          <reporter-output>
          </reporter-output>
        </test-method> <!-- acConfig -->
        <test-method is-config="true" signature="asConfig()[pri:0, instance:satteliteInfo.ContactTests.TC_01Test@5b03b9fe]" started-at="2024-01-20T14:33:46 IST" name="asConfig" finished-at="2024-01-20T14:33:46 IST" duration-ms="3" status="PASS">
          <reporter-output>
          </reporter-output>
        </test-method> <!-- asConfig -->
      </class> <!-- satteliteInfo.ContactTests.TC_01Test -->
    </test> <!-- Default test -->
  </suite> <!-- Default suite -->
</testng-results>
